<?xml version="1.0" encoding="UTF-8"?>
<!-- Generated by org.testng.reporters.JUnitXMLReporter -->
<testsuite ignored="3" hostname="DESKTOP-HQVGHRO" failures="0" tests="5" name="Test" time="0.118" errors="0" timestamp="2023-11-22T01:04:51 PST">
  <testcase classname="TestNG_Practice.Test_C" name="TestC1" time="0.022"/>
  <testcase classname="TestNG_Practice.Test_B" name="TestB2" time="0.008"/>
  <testcase classname="TestNG_Practice.Test_A" name="TestA1" time="0.003"/>
  <testcase classname="TestNG_Practice.Test_D" name="TestD1" time="0.003"/>
  <testcase classname="TestNG_Practice.Test_D" name="TestD2" time="0.004"/>
  <testcase classname="TestNG_Practice.Test_B" name="TestB1" time="0.0">
    <ignored/>
  </testcase> <!-- TestB1 -->
  <testcase classname="TestNG_Practice.Test_C" name="TestC2" time="0.0">
    <ignored/>
  </testcase> <!-- TestC2 -->
  <testcase classname="TestNG_Practice.Test_A" name="TestA2" time="0.0">
    <ignored/>
  </testcase> <!-- TestA2 -->
</testsuite> <!-- Test -->
